<?xml version="1.0" encoding="UTF-8"?>
<!-- Generated by org.testng.reporters.JUnitXMLReporter -->
<testsuite ignored="0" hostname="DESKTOP-PBQHPU9" failures="0" tests="6" name="Default test" time="43.511" errors="0" timestamp="2025-11-13T13:55:31 IST">
  <testcase classname="scripts.homepage_scripts.regression_scenarios.HomepageRegressionScenarios" name="openHomepageUsingUrl" time="1.203"/>
  <testcase classname="scripts.homepage_scripts.regression_scenarios.HomepageRegressionScenarios" name="findAllButtonsInHomepage" time="0.341"/>
  <testcase classname="scripts.homepage_scripts.regression_scenarios.HomepageRegressionScenarios" name="clickOnWishListIcon" time="1.891"/>
  <testcase classname="scripts.homepage_scripts.regression_scenarios.HomepageRegressionScenarios" name="clickOneEachProductOneByOne" time="22.235"/>
  <testcase classname="scripts.homepage_scripts.regression_scenarios.HomepageRegressionScenarios" name="clickOnSignInLink" time="0.4"/>
  <testcase classname="scripts.homepage_scripts.regression_scenarios.HomepageRegressionScenarios" name="enterTextIntoSearchField" time="2.171"/>
</testsuite> <!-- Default test -->
