<?xml version="1.0" encoding="UTF-8"?>
<!-- Generated by org.testng.reporters.JUnitReportReporter -->
<testsuite hostname="DESKTOP-PBQHPU9" failures="0" tests="6" name="scripts.homepage_scripts.regression_scenarios.HomepageRegressionScenarios" time="43.224" errors="0" timestamp="2025-11-13T13:55:31 IST" skipped="0">
  <testcase classname="scripts.homepage_scripts.regression_scenarios.HomepageRegressionScenarios" name="openHomepageUsingUrl" time="2.808"/>
  <testcase classname="scripts.homepage_scripts.regression_scenarios.HomepageRegressionScenarios" name="findAllButtonsInHomepage" time="2.720"/>
  <testcase classname="scripts.homepage_scripts.regression_scenarios.HomepageRegressionScenarios" name="clickOnWishListIcon" time="4.330"/>
  <testcase classname="scripts.homepage_scripts.regression_scenarios.HomepageRegressionScenarios" name="clickOneEachProductOneByOne" time="25.189"/>
  <testcase classname="scripts.homepage_scripts.regression_scenarios.HomepageRegressionScenarios" name="clickOnSignInLink" time="3.616"/>
  <testcase classname="scripts.homepage_scripts.regression_scenarios.HomepageRegressionScenarios" name="enterTextIntoSearchField" time="4.561"/>
</testsuite> <!-- scripts.homepage_scripts.regression_scenarios.HomepageRegressionScenarios -->
