<?xml version="1.0" encoding="UTF-8"?>
<testng-results ignored="0" total="6" passed="6" failed="0" skipped="0">
  <reporter-output>
  </reporter-output>
  <suite started-at="2025-11-13T13:54:48 IST" name="Default suite" finished-at="2025-11-13T13:55:31 IST" duration-ms="43511">
    <groups>
    </groups>
    <test started-at="2025-11-13T13:54:48 IST" name="Default test" finished-at="2025-11-13T13:55:31 IST" duration-ms="43511">
      <class name="scripts.homepage_scripts.regression_scenarios.HomepageRegressionScenarios">
        <test-method is-config="true" signature="openApplication()[pri:0, instance:scripts.homepage_scripts.regression_scenarios.HomepageRegressionScenarios@611df6e3]" started-at="2025-11-13T13:54:48 IST" name="openApplication" finished-at="2025-11-13T13:54:51 IST" duration-ms="2954" status="PASS">
          <reporter-output>
          </reporter-output>
        </test-method> <!-- openApplication -->
        <test-method signature="openHomepageUsingUrl()[pri:1, instance:scripts.homepage_scripts.regression_scenarios.HomepageRegressionScenarios@611df6e3]" started-at="2025-11-13T13:54:51 IST" name="openHomepageUsingUrl" finished-at="2025-11-13T13:54:52 IST" duration-ms="1203" status="PASS">
          <reporter-output>
          </reporter-output>
        </test-method> <!-- openHomepageUsingUrl -->
        <test-method is-config="true" signature="closeApplication()[pri:0, instance:scripts.homepage_scripts.regression_scenarios.HomepageRegressionScenarios@611df6e3]" started-at="2025-11-13T13:54:52 IST" name="closeApplication" finished-at="2025-11-13T13:54:52 IST" duration-ms="350" status="PASS">
          <reporter-output>
          </reporter-output>
        </test-method> <!-- closeApplication -->
        <test-method is-config="true" signature="openApplication()[pri:0, instance:scripts.homepage_scripts.regression_scenarios.HomepageRegressionScenarios@611df6e3]" started-at="2025-11-13T13:54:52 IST" name="openApplication" finished-at="2025-11-13T13:54:54 IST" duration-ms="2026" status="PASS">
          <reporter-output>
          </reporter-output>
        </test-method> <!-- openApplication -->
        <test-method signature="findAllButtonsInHomepage()[pri:2, instance:scripts.homepage_scripts.regression_scenarios.HomepageRegressionScenarios@611df6e3]" started-at="2025-11-13T13:54:54 IST" name="findAllButtonsInHomepage" finished-at="2025-11-13T13:54:55 IST" duration-ms="341" status="PASS">
          <reporter-output>
          </reporter-output>
        </test-method> <!-- findAllButtonsInHomepage -->
        <test-method is-config="true" signature="closeApplication()[pri:0, instance:scripts.homepage_scripts.regression_scenarios.HomepageRegressionScenarios@611df6e3]" started-at="2025-11-13T13:54:55 IST" name="closeApplication" finished-at="2025-11-13T13:54:55 IST" duration-ms="262" status="PASS">
          <reporter-output>
          </reporter-output>
        </test-method> <!-- closeApplication -->
        <test-method is-config="true" signature="openApplication()[pri:0, instance:scripts.homepage_scripts.regression_scenarios.HomepageRegressionScenarios@611df6e3]" started-at="2025-11-13T13:54:55 IST" name="openApplication" finished-at="2025-11-13T13:54:57 IST" duration-ms="2186" status="PASS">
          <reporter-output>
          </reporter-output>
        </test-method> <!-- openApplication -->
        <test-method signature="clickOnWishListIcon()[pri:3, instance:scripts.homepage_scripts.regression_scenarios.HomepageRegressionScenarios@611df6e3]" started-at="2025-11-13T13:54:57 IST" name="clickOnWishListIcon" finished-at="2025-11-13T13:54:59 IST" duration-ms="1891" status="PASS">
          <reporter-output>
          </reporter-output>
        </test-method> <!-- clickOnWishListIcon -->
        <test-method is-config="true" signature="closeApplication()[pri:0, instance:scripts.homepage_scripts.regression_scenarios.HomepageRegressionScenarios@611df6e3]" started-at="2025-11-13T13:54:59 IST" name="closeApplication" finished-at="2025-11-13T13:55:00 IST" duration-ms="649" status="PASS">
          <reporter-output>
          </reporter-output>
        </test-method> <!-- closeApplication -->
        <test-method is-config="true" signature="openApplication()[pri:0, instance:scripts.homepage_scripts.regression_scenarios.HomepageRegressionScenarios@611df6e3]" started-at="2025-11-13T13:55:00 IST" name="openApplication" finished-at="2025-11-13T13:55:02 IST" duration-ms="2604" status="PASS">
          <reporter-output>
          </reporter-output>
        </test-method> <!-- openApplication -->
        <test-method signature="clickOneEachProductOneByOne()[pri:4, instance:scripts.homepage_scripts.regression_scenarios.HomepageRegressionScenarios@611df6e3]" started-at="2025-11-13T13:55:02 IST" name="clickOneEachProductOneByOne" finished-at="2025-11-13T13:55:25 IST" duration-ms="22235" status="PASS">
          <reporter-output>
          </reporter-output>
        </test-method> <!-- clickOneEachProductOneByOne -->
        <test-method is-config="true" signature="closeApplication()[pri:0, instance:scripts.homepage_scripts.regression_scenarios.HomepageRegressionScenarios@611df6e3]" started-at="2025-11-13T13:55:25 IST" name="closeApplication" finished-at="2025-11-13T13:55:25 IST" duration-ms="292" status="PASS">
          <reporter-output>
          </reporter-output>
        </test-method> <!-- closeApplication -->
        <test-method is-config="true" signature="openApplication()[pri:0, instance:scripts.homepage_scripts.regression_scenarios.HomepageRegressionScenarios@611df6e3]" started-at="2025-11-13T13:55:25 IST" name="openApplication" finished-at="2025-11-13T13:55:27 IST" duration-ms="2098" status="PASS">
          <reporter-output>
          </reporter-output>
        </test-method> <!-- openApplication -->
        <test-method signature="clickOnSignInLink()[pri:5, instance:scripts.homepage_scripts.regression_scenarios.HomepageRegressionScenarios@611df6e3]" started-at="2025-11-13T13:55:27 IST" name="clickOnSignInLink" finished-at="2025-11-13T13:55:27 IST" duration-ms="400" status="PASS">
          <reporter-output>
          </reporter-output>
        </test-method> <!-- clickOnSignInLink -->
        <test-method is-config="true" signature="closeApplication()[pri:0, instance:scripts.homepage_scripts.regression_scenarios.HomepageRegressionScenarios@611df6e3]" started-at="2025-11-13T13:55:27 IST" name="closeApplication" finished-at="2025-11-13T13:55:28 IST" duration-ms="353" status="PASS">
          <reporter-output>
          </reporter-output>
        </test-method> <!-- closeApplication -->
        <test-method is-config="true" signature="openApplication()[pri:0, instance:scripts.homepage_scripts.regression_scenarios.HomepageRegressionScenarios@611df6e3]" started-at="2025-11-13T13:55:28 IST" name="openApplication" finished-at="2025-11-13T13:55:29 IST" duration-ms="956" status="PASS">
          <reporter-output>
          </reporter-output>
        </test-method> <!-- openApplication -->
        <test-method signature="enterTextIntoSearchField()[pri:6, instance:scripts.homepage_scripts.regression_scenarios.HomepageRegressionScenarios@611df6e3]" started-at="2025-11-13T13:55:29 IST" name="enterTextIntoSearchField" finished-at="2025-11-13T13:55:31 IST" duration-ms="2171" status="PASS">
          <reporter-output>
          </reporter-output>
        </test-method> <!-- enterTextIntoSearchField -->
        <test-method is-config="true" signature="closeApplication()[pri:0, instance:scripts.homepage_scripts.regression_scenarios.HomepageRegressionScenarios@611df6e3]" started-at="2025-11-13T13:55:31 IST" name="closeApplication" finished-at="2025-11-13T13:55:31 IST" duration-ms="253" status="PASS">
          <reporter-output>
          </reporter-output>
        </test-method> <!-- closeApplication -->
      </class> <!-- scripts.homepage_scripts.regression_scenarios.HomepageRegressionScenarios -->
    </test> <!-- Default test -->
  </suite> <!-- Default suite -->
</testng-results>
